Arguments: 
  /home/heathshults/.nvm/versions/node/v12.16.3/bin/node /usr/share/yarn/bin/yarn.js add node-sass@4.13.0

PATH: 
  /home/heathshults/.nvm/versions/node/v12.16.3/bin:/home/heathshults/.vscode-server/bin/d69a79b73808559a91206d73d7717ff5f798f23c/bin:/usr/local/sbin:/usr/local/bin:/usr/sbin:/usr/bin:/sbin:/bin:/usr/games:/usr/local/games:/mnt/c/Program Files/WindowsApps/CanonicalGroupLimited.UbuntuonWindows_2004.2020.424.0_x64__79rhkp1fndgsc:/mnt/c/Python38/Scripts:/mnt/c/Python38:/mnt/c/PHP7/v7.3:/mnt/c/Windows/System32/inetsrv:/mnt/c/Program Files (x86)/Common Files/Oracle/Java/javapath:/mnt/c/Program Files/Git/bin:/mnt/c/Windows/System32:/mnt/c/Windows:/mnt/c/Windows/System32/wbem:/mnt/c/Windows/System32/WindowsPowerShell/v1.0:/mnt/c/Windows/System32/OpenSSH:/mnt/c/Program Files/NVIDIA Corporation/NVIDIA NvDLISR:/mnt/c/Program Files (x86)/NVIDIA Corporation/PhysX/Common:/mnt/c/Users/Heath/AppData/Local/Programs/Python/Python37-32/Scripts/:/mnt/c/Users/Heath/AppData/Local/Programs/Python/Python37-32/:/mnt/c/Users/Heath/AppData/Local/Microsoft/WindowsApps:/mnt/c/Users/Heath/AppData/Local/Programs/Microsoft VS Code/bin:/mnt/c/Users/Heath/OneDrive/Documents/Websites/Stenciljs/bp-ds-webcomponents/node_modules/.bin:/mnt/c/ProgramData/chocolatey/bin:/mnt/c/Windows/System32/WindowsPowerShell/v1.0:/mnt/c/PHP7/v7.3/pear:/mnt/c/ProgramData/ComposerSetup/bin:/mnt/c/Program Files (x86)/Yarn/bin:/mnt/c/Program Files/Java/jdk1.8.0_241/bin:/mnt/c/Users/Heath/mingw/bin/mingw-get.exe:/mnt/c/Program Files/nodejs:/mnt/c/Program Files/Microsoft VS Code Insiders/bin:/mnt/c/Program Files/Docker/Docker/resources/bin:/mnt/c/ProgramData/DockerDesktop/version-bin:/mnt/c/Ruby27-x64/bin:/mnt/c/Ruby25-x64/bin:/mnt/c/Python27:/mnt/c/Users/Heath/AppData/Roaming/nvm:/mnt/c/tools/dart-sdk/bin:/mnt/c/Users/Heath/AppData/Roaming/Pub/Cache/bin:/mnt/c/Program/ Files/Git/bin:/mnt/c/Users/Heath/AppData/Local/.meteor:/mnt/c/Users/Heath/.bin:/mnt/c/Users/Heath/.ionic:/mnt/c/Program Files/heroku/bin:/mnt/c/Users/Heath/.hugo:/mnt/c/Users/Heath/AppData/Roaming/Composer/vendor/bin:/mnt/c/Users/Heath/AppData/Local/Yarn/bin:/mnt/c/Users/Heath/mingw/bin:/mnt/c/Users/Heath/AppData/Roaming/npm:/snap/bin:/home/heathshults/.nvm/nvm.sh

Yarn version: 
  1.22.4

Node version: 
  12.16.3

Platform: 
  linux x64

Trace: 
  SyntaxError: /home/heathshults/_webdev/heathshults.com/package.json: Unexpected token < in JSON at position 2
      at JSON.parse (<anonymous>)
      at /usr/share/yarn/lib/cli.js:1625:59
      at Generator.next (<anonymous>)
      at step (/usr/share/yarn/lib/cli.js:310:30)
      at /usr/share/yarn/lib/cli.js:321:13

npm manifest: 
  {
  <<<<<<< HEAD
    "title": "HeathScript",
    "name": "heathshults.com",
    "version": "1.0.0",
    "description": "Portfolio site for me.",
    "keywords": [
      "css",
      "sass",
      "html",
      "responsive",
      "theme",
      "template"
    ],
    "homepage": "http://heathshults.com",
    "bugs": {
      "url": "https://github.com/BlackrockDigital/startbootstrap-agency/issues",
      "email": "feedback@startbootstrap.com"
    },
    "license": "MIT",
    "author": "Heath E Shults",
    "contributors": [
      "Heath Shults"
    ],
    "repository": {
      "type": "git",
      "url": "git+https://github.com/heathshults/heathshults.com.git"
    },
    "dependencies": {
      "bootstrap": "4.0.0",
      "font-awesome": "4.7.0",
      "gulp-sass": "^4.0.1",
      "jquery": "3.3.1",
      "jquery.easing": "^1.4.1"
    },
    "devDependencies": {
      "browser-sync": "2.23.6",
      "gulp": "^3.9.1",
      "gulp-clean-css": "3.9.2",
      "gulp-header": "2.0.1",
      "gulp-rename": "^1.2.2",
      "gulp-uglify": "3.0.0"
    },
    "main": "gulpfile.js",
    "directories": {
      "doc": "docs"
    },
    "scripts": {
      "test": "test-me"
  =======
    "name": "heathshultscom",
    "title": "Heath Shults",
    "version": "1.0.0",
    "homepage": "http://heathshults.com",
    "author": "Heath Shults",
    "license": "MIT",
    "type": "module",
    "scripts": {
      "gdev": "node_modules/.bin/gulp dev",
      "start_webpack": "node_modules/.bin/webpack-dev-server --config webpack.customServer.js --mode development --colors --hot",
      "build": "node_modules/.bin/webpack --config webpack.builder.js --mode development --display-error-details --verbose --watch --colors",
      "rebuild": "node_modules/.bin/webpack --config webpack.build.js --mode development --display-error-details --colorsnt --display-error-details --colors",
      "start": "node_modules/.bin/gulp setup_develop && npm run watchers",
      "watchers": "node_modules/.bin/gulp watchers",
      "xpress": "node -r esm index.js"
    },
    "devDependencies": {
      "@babel/core": "^7.2.2",
      "@babel/preset-env": "^7.3.1",
      "@types/node": "^13.13.2",
      "@typescript-eslint/eslint-plugin": "^2.29.0",
      "@typescript-eslint/parser": "^2.29.0",
      "autoprefixer": "^9.7.6",
      "babel-core": "^6.26.3",
      "babel-loader": "^8.1.0",
      "babel-preset-env": "^1.7.0",
      "bootstrap": "^3.4.1",
      "browser-sync": "^2.26.7",
      "browser-sync-webpack-plugin": "^2.2.2",
      "clean-webpack-plugin": "^3.0.0",
      "copy-webpack-plugin": "^5.1.1",
      "css-loader": "^3.5.3",
      "cssnano": "^4.1.10",
      "ejs": "^3.1.2",
      "eslint": "^6.8.0",
      "eslint-config-standard": "^14.1.1",
      "eslint-loader": "^4.0.2",
      "eslint-plugin-import": "^2.20.2",
      "eslint-plugin-node": "^11.1.0",
      "eslint-plugin-promise": "^4.2.1",
      "eslint-plugin-standard": "^4.0.1",
      "esm": "^3.2.25",
      "extra-watch-webpack-plugin": "^1.0.3",
      "extract-text-webpack-plugin": "^3.0.2",
      "fancy-log": "^1.3.3",
      "file-loader": "^6.0.0",
      "font-awesome": "^4.6.3",
      "glob": "^7.1.6",
      "gulp": "4.0.2",
      "gulp-autoprefixer": "^7.0.1",
      "gulp-changed": "^4.0.2",
      "gulp-clean-css": "4.3.0",
      "gulp-cli": "^2.2.0",
      "gulp-connect-php": "^1.0.3",
      "gulp-debug": "^4.0.0",
      "gulp-ejs": "^5.1.0",
      "gulp-header": "^2.0.9",
      "gulp-hub": "^4.2.0",
      "gulp-plumber": "^1.2.1",
      "gulp-postcss": "^8.0.0",
      "gulp-rename": "^1.4.0",
      "gulp-uglify": "^1.5.4",
      "html-loader": "^1.1.0",
      "html-webpack-plugin": "^4.2.0",
      "jquery": "^1.12.4",
      "jshint": "^2.11.0",
      "jshint-loader": "^0.8.4",
      "mini-css-extract-plugin": "^0.9.0",
      "nunjucks": "^3.2.1",
      "nunjucks-html-loader": "^1.1.0",
      "nunjucks-webpack-plugin": "^5.0.0",
      "offline-plugin": "^5.0.7",
      "open": "^7.0.3",
      "optimize-css-assets-webpack-plugin": "^5.0.3",
      "postcss-custom-properties": "^9.1.1",
      "postcss-import": "^12.0.1",
      "postcss-loader": "^3.0.0",
      "postcss-preset-env": "^6.7.0",
      "precss": "^4.0.0",
      "require-dir": "^1.2.0",
      "resolve-url-loader": "^3.1.1",
      "sane": "^4.1.0",
      "sass-loader": "^8.0.2",
      "style-loader": "^1.2.0",
      "stylelint": "^13.3.3",
      "stylelint-config-standard": "^20.0.0",
      "stylelint-config-standard-scss": "^1.1.0",
      "stylelint-order": "^4.0.0",
      "stylelint-scss": "^3.17.2",
      "stylelint-webpack-plugin": "^1.2.3",
      "sugarss": "^2.0.0",
      "ts-loader": "^7.0.1",
      "typescript": "^3.8.3",
      "uglifyjs-webpack-plugin": "^2.2.0",
      "url-loader": "^4.1.0",
      "vanilla-require": "^1.0.2",
      "webpack": "^4.29.0",
      "webpack-cli": "^3.2.1",
      "webpack-dev-server": "^3.1.14",
      "webpack-nano": "^1.0.0",
      "webpack-plugin-serve": "^0.12.1"
    },
    "repository": {
      "type": "git",
      "url": "https://github.com/heathshults/heathshults.com.git"
    },
    "dependencies": {
      "blueimp-file-upload": "^10.3.0",
      "express": "^4.17.1",
      "express-fileupload": "^1.1.6-alpha.6",
      "vanilla-loader": "^0.2.1"
  >>>>>>> 2904778d0915e32d54fc4005b385ec4be73079d2
    }
  }

yarn manifest: 
  No manifest

Lockfile: 
  No lockfile
